08-Jan-2014 07:43:35 org.apache.catalina.core.AprLifecycleListener init
INFO: The APR based Apache Tomcat Native library which allows optimal performance in production environments was not found on the java.library.path: /usr/lib/jvm/java-6-openjdk-armhf/jre/lib/arm/server:/usr/lib/jvm/java-6-openjdk-armhf/jre/lib/arm:/usr/lib/jvm/java-6-openjdk-armhf/jre/../lib/arm:/usr/java/packages/lib/arm:/usr/lib/jni:/lib:/usr/lib
08-Jan-2014 07:43:40 org.apache.coyote.AbstractProtocol init
INFO: Initializing ProtocolHandler ["http-bio-8080"]
08-Jan-2014 07:43:40 org.apache.coyote.AbstractProtocol init
INFO: Initializing ProtocolHandler ["ajp-bio-8009"]
08-Jan-2014 07:43:40 org.apache.catalina.startup.Catalina load
INFO: Initialization processed in 12006 ms
08-Jan-2014 07:43:41 org.apache.catalina.core.StandardService startInternal
INFO: Starting service Catalina
08-Jan-2014 07:43:41 org.apache.catalina.core.StandardEngine startInternal
INFO: Starting Servlet Engine: Apache Tomcat/7.0.54
08-Jan-2014 07:43:41 org.apache.catalina.startup.HostConfig deployDirectory
INFO: Deploying web application directory /home/pi/Document/apache-tomcat-7.0.54/webapps/docs
08-Jan-2014 07:43:55 org.apache.tomcat.websocket.server.WsSci onStartup
INFO: JSR 356 WebSocket (Java WebSocket 1.0) support is not available when running on Java 6. To suppress this message, run Tomcat on Java 7, remove the WebSocket JARs from $CATALINA_HOME/lib or add the WebSocket JARs to the tomcat.util.scan.DefaultJarScanner.jarsToSkip property in $CATALINA_BASE/conf/catalina.properties. Note that the deprecated Tomcat 7 WebSocket API will be available. 
08-Jan-2014 07:43:56 org.apache.catalina.startup.HostConfig deployDirectory
INFO: Deployment of web application directory /home/pi/Document/apache-tomcat-7.0.54/webapps/docs has finished in 14,403 ms
08-Jan-2014 07:43:56 org.apache.catalina.startup.HostConfig deployDirectory
INFO: Deploying web application directory /home/pi/Document/apache-tomcat-7.0.54/webapps/examples
08-Jan-2014 07:44:11 org.apache.catalina.startup.HostConfig deployDirectory
INFO: Deployment of web application directory /home/pi/Document/apache-tomcat-7.0.54/webapps/examples has finished in 15,781 ms
08-Jan-2014 07:44:11 org.apache.catalina.startup.HostConfig deployDirectory
INFO: Deploying web application directory /home/pi/Document/apache-tomcat-7.0.54/webapps/ROOT
08-Jan-2014 07:44:15 org.apache.catalina.startup.HostConfig deployDirectory
INFO: Deployment of web application directory /home/pi/Document/apache-tomcat-7.0.54/webapps/ROOT has finished in 3,264 ms
08-Jan-2014 07:44:15 org.apache.catalina.startup.HostConfig deployDirectory
INFO: Deploying web application directory /home/pi/Document/apache-tomcat-7.0.54/webapps/manager
08-Jan-2014 07:44:18 org.apache.catalina.startup.HostConfig deployDirectory
INFO: Deployment of web application directory /home/pi/Document/apache-tomcat-7.0.54/webapps/manager has finished in 3,607 ms
08-Jan-2014 07:44:18 org.apache.catalina.startup.HostConfig deployDirectory
INFO: Deploying web application directory /home/pi/Document/apache-tomcat-7.0.54/webapps/host-manager
08-Jan-2014 07:44:22 org.apache.catalina.startup.HostConfig deployDirectory
INFO: Deployment of web application directory /home/pi/Document/apache-tomcat-7.0.54/webapps/host-manager has finished in 3,492 ms
08-Jan-2014 07:44:22 org.apache.coyote.AbstractProtocol start
INFO: Starting ProtocolHandler ["http-bio-8080"]
08-Jan-2014 07:44:22 org.apache.coyote.AbstractProtocol start
INFO: Starting ProtocolHandler ["ajp-bio-8009"]
08-Jan-2014 07:44:22 org.apache.catalina.startup.Catalina start
INFO: Server startup in 41994 ms
08-Jan-2014 07:55:01 org.apache.catalina.core.AprLifecycleListener init
INFO: The APR based Apache Tomcat Native library which allows optimal performance in production environments was not found on the java.library.path: /usr/lib/jvm/java-6-openjdk-armhf/jre/lib/arm/server:/usr/lib/jvm/java-6-openjdk-armhf/jre/lib/arm:/usr/lib/jvm/java-6-openjdk-armhf/jre/../lib/arm:/usr/java/packages/lib/arm:/usr/lib/jni:/lib:/usr/lib
08-Jan-2014 07:55:05 org.apache.coyote.AbstractProtocol init
INFO: Initializing ProtocolHandler ["http-bio-8080"]
08-Jan-2014 07:55:05 org.apache.coyote.AbstractProtocol init
SEVERE: Failed to initialize end point associated with ProtocolHandler ["http-bio-8080"]
java.net.BindException: Address already in use <null>:8080
	at org.apache.tomcat.util.net.JIoEndpoint.bind(JIoEndpoint.java:411)
	at org.apache.tomcat.util.net.AbstractEndpoint.init(AbstractEndpoint.java:640)
	at org.apache.coyote.AbstractProtocol.init(AbstractProtocol.java:434)
	at org.apache.coyote.http11.AbstractHttp11JsseProtocol.init(AbstractHttp11JsseProtocol.java:119)
	at org.apache.catalina.connector.Connector.initInternal(Connector.java:978)
	at org.apache.catalina.util.LifecycleBase.init(LifecycleBase.java:102)
	at org.apache.catalina.core.StandardService.initInternal(StandardService.java:559)
	at org.apache.catalina.util.LifecycleBase.init(LifecycleBase.java:102)
	at org.apache.catalina.core.StandardServer.initInternal(StandardServer.java:813)
	at org.apache.catalina.util.LifecycleBase.init(LifecycleBase.java:102)
	at org.apache.catalina.startup.Catalina.load(Catalina.java:638)
	at org.apache.catalina.startup.Catalina.load(Catalina.java:663)
	at sun.reflect.NativeMethodAccessorImpl.invoke0(Native Method)
	at sun.reflect.NativeMethodAccessorImpl.invoke(NativeMethodAccessorImpl.java:57)
	at sun.reflect.DelegatingMethodAccessorImpl.invoke(DelegatingMethodAccessorImpl.java:43)
	at java.lang.reflect.Method.invoke(Method.java:622)
	at org.apache.catalina.startup.Bootstrap.load(Bootstrap.java:280)
	at org.apache.catalina.startup.Bootstrap.main(Bootstrap.java:454)
Caused by: java.net.BindException: Address already in use
	at java.net.PlainSocketImpl.socketBind(Native Method)
	at java.net.AbstractPlainSocketImpl.bind(AbstractPlainSocketImpl.java:353)
	at java.net.ServerSocket.bind(ServerSocket.java:336)
	at java.net.ServerSocket.<init>(ServerSocket.java:202)
	at java.net.ServerSocket.<init>(ServerSocket.java:158)
	at org.apache.tomcat.util.net.DefaultServerSocketFactory.createSocket(DefaultServerSocketFactory.java:49)
	at org.apache.tomcat.util.net.JIoEndpoint.bind(JIoEndpoint.java:398)
	... 17 more
08-Jan-2014 07:55:05 org.apache.catalina.core.StandardService initInternal
SEVERE: Failed to initialize connector [Connector[HTTP/1.1-8080]]
org.apache.catalina.LifecycleException: Failed to initialize component [Connector[HTTP/1.1-8080]]
	at org.apache.catalina.util.LifecycleBase.init(LifecycleBase.java:106)
	at org.apache.catalina.core.StandardService.initInternal(StandardService.java:559)
	at org.apache.catalina.util.LifecycleBase.init(LifecycleBase.java:102)
	at org.apache.catalina.core.StandardServer.initInternal(StandardServer.java:813)
	at org.apache.catalina.util.LifecycleBase.init(LifecycleBase.java:102)
	at org.apache.catalina.startup.Catalina.load(Catalina.java:638)
	at org.apache.catalina.startup.Catalina.load(Catalina.java:663)
	at sun.reflect.NativeMethodAccessorImpl.invoke0(Native Method)
	at sun.reflect.NativeMethodAccessorImpl.invoke(NativeMethodAccessorImpl.java:57)
	at sun.reflect.DelegatingMethodAccessorImpl.invoke(DelegatingMethodAccessorImpl.java:43)
	at java.lang.reflect.Method.invoke(Method.java:622)
	at org.apache.catalina.startup.Bootstrap.load(Bootstrap.java:280)
	at org.apache.catalina.startup.Bootstrap.main(Bootstrap.java:454)
Caused by: org.apache.catalina.LifecycleException: Protocol handler initialization failed
	at org.apache.catalina.connector.Connector.initInternal(Connector.java:980)
	at org.apache.catalina.util.LifecycleBase.init(LifecycleBase.java:102)
	... 12 more
Caused by: java.net.BindException: Address already in use <null>:8080
	at org.apache.tomcat.util.net.JIoEndpoint.bind(JIoEndpoint.java:411)
	at org.apache.tomcat.util.net.AbstractEndpoint.init(AbstractEndpoint.java:640)
	at org.apache.coyote.AbstractProtocol.init(AbstractProtocol.java:434)
	at org.apache.coyote.http11.AbstractHttp11JsseProtocol.init(AbstractHttp11JsseProtocol.java:119)
	at org.apache.catalina.connector.Connector.initInternal(Connector.java:978)
	... 13 more
Caused by: java.net.BindException: Address already in use
	at java.net.PlainSocketImpl.socketBind(Native Method)
	at java.net.AbstractPlainSocketImpl.bind(AbstractPlainSocketImpl.java:353)
	at java.net.ServerSocket.bind(ServerSocket.java:336)
	at java.net.ServerSocket.<init>(ServerSocket.java:202)
	at java.net.ServerSocket.<init>(ServerSocket.java:158)
	at org.apache.tomcat.util.net.DefaultServerSocketFactory.createSocket(DefaultServerSocketFactory.java:49)
	at org.apache.tomcat.util.net.JIoEndpoint.bind(JIoEndpoint.java:398)
	... 17 more
08-Jan-2014 07:55:05 org.apache.coyote.AbstractProtocol init
INFO: Initializing ProtocolHandler ["ajp-bio-8009"]
08-Jan-2014 07:55:05 org.apache.coyote.AbstractProtocol init
SEVERE: Failed to initialize end point associated with ProtocolHandler ["ajp-bio-8009"]
java.net.BindException: Address already in use <null>:8009
	at org.apache.tomcat.util.net.JIoEndpoint.bind(JIoEndpoint.java:411)
	at org.apache.tomcat.util.net.AbstractEndpoint.init(AbstractEndpoint.java:640)
	at org.apache.coyote.AbstractProtocol.init(AbstractProtocol.java:434)
	at org.apache.catalina.connector.Connector.initInternal(Connector.java:978)
	at org.apache.catalina.util.LifecycleBase.init(LifecycleBase.java:102)
	at org.apache.catalina.core.StandardService.initInternal(StandardService.java:559)
	at org.apache.catalina.util.LifecycleBase.init(LifecycleBase.java:102)
	at org.apache.catalina.core.StandardServer.initInternal(StandardServer.java:813)
	at org.apache.catalina.util.LifecycleBase.init(LifecycleBase.java:102)
	at org.apache.catalina.startup.Catalina.load(Catalina.java:638)
	at org.apache.catalina.startup.Catalina.load(Catalina.java:663)
	at sun.reflect.NativeMethodAccessorImpl.invoke0(Native Method)
	at sun.reflect.NativeMethodAccessorImpl.invoke(NativeMethodAccessorImpl.java:57)
	at sun.reflect.DelegatingMethodAccessorImpl.invoke(DelegatingMethodAccessorImpl.java:43)
	at java.lang.reflect.Method.invoke(Method.java:622)
	at org.apache.catalina.startup.Bootstrap.load(Bootstrap.java:280)
	at org.apache.catalina.startup.Bootstrap.main(Bootstrap.java:454)
Caused by: java.net.BindException: Address already in use
	at java.net.PlainSocketImpl.socketBind(Native Method)
	at java.net.AbstractPlainSocketImpl.bind(AbstractPlainSocketImpl.java:353)
	at java.net.ServerSocket.bind(ServerSocket.java:336)
	at java.net.ServerSocket.<init>(ServerSocket.java:202)
	at java.net.ServerSocket.<init>(ServerSocket.java:158)
	at org.apache.tomcat.util.net.DefaultServerSocketFactory.createSocket(DefaultServerSocketFactory.java:49)
	at org.apache.tomcat.util.net.JIoEndpoint.bind(JIoEndpoint.java:398)
	... 16 more
08-Jan-2014 07:55:05 org.apache.catalina.core.StandardService initInternal
SEVERE: Failed to initialize connector [Connector[AJP/1.3-8009]]
org.apache.catalina.LifecycleException: Failed to initialize component [Connector[AJP/1.3-8009]]
	at org.apache.catalina.util.LifecycleBase.init(LifecycleBase.java:106)
	at org.apache.catalina.core.StandardService.initInternal(StandardService.java:559)
	at org.apache.catalina.util.LifecycleBase.init(LifecycleBase.java:102)
	at org.apache.catalina.core.StandardServer.initInternal(StandardServer.java:813)
	at org.apache.catalina.util.LifecycleBase.init(LifecycleBase.java:102)
	at org.apache.catalina.startup.Catalina.load(Catalina.java:638)
	at org.apache.catalina.startup.Catalina.load(Catalina.java:663)
	at sun.reflect.NativeMethodAccessorImpl.invoke0(Native Method)
	at sun.reflect.NativeMethodAccessorImpl.invoke(NativeMethodAccessorImpl.java:57)
	at sun.reflect.DelegatingMethodAccessorImpl.invoke(DelegatingMethodAccessorImpl.java:43)
	at java.lang.reflect.Method.invoke(Method.java:622)
	at org.apache.catalina.startup.Bootstrap.load(Bootstrap.java:280)
	at org.apache.catalina.startup.Bootstrap.main(Bootstrap.java:454)
Caused by: org.apache.catalina.LifecycleException: Protocol handler initialization failed
	at org.apache.catalina.connector.Connector.initInternal(Connector.java:980)
	at org.apache.catalina.util.LifecycleBase.init(LifecycleBase.java:102)
	... 12 more
Caused by: java.net.BindException: Address already in use <null>:8009
	at org.apache.tomcat.util.net.JIoEndpoint.bind(JIoEndpoint.java:411)
	at org.apache.tomcat.util.net.AbstractEndpoint.init(AbstractEndpoint.java:640)
	at org.apache.coyote.AbstractProtocol.init(AbstractProtocol.java:434)
	at org.apache.catalina.connector.Connector.initInternal(Connector.java:978)
	... 13 more
Caused by: java.net.BindException: Address already in use
	at java.net.PlainSocketImpl.socketBind(Native Method)
	at java.net.AbstractPlainSocketImpl.bind(AbstractPlainSocketImpl.java:353)
	at java.net.ServerSocket.bind(ServerSocket.java:336)
	at java.net.ServerSocket.<init>(ServerSocket.java:202)
	at java.net.ServerSocket.<init>(ServerSocket.java:158)
	at org.apache.tomcat.util.net.DefaultServerSocketFactory.createSocket(DefaultServerSocketFactory.java:49)
	at org.apache.tomcat.util.net.JIoEndpoint.bind(JIoEndpoint.java:398)
	... 16 more
08-Jan-2014 07:55:05 org.apache.catalina.startup.Catalina load
INFO: Initialization processed in 11167 ms
08-Jan-2014 07:55:06 org.apache.catalina.core.StandardService startInternal
INFO: Starting service Catalina
08-Jan-2014 07:55:06 org.apache.catalina.core.StandardEngine startInternal
INFO: Starting Servlet Engine: Apache Tomcat/7.0.54
08-Jan-2014 07:55:06 org.apache.catalina.startup.HostConfig deployDirectory
INFO: Deploying web application directory /home/pi/Document/apache-tomcat-7.0.54/webapps/docs
08-Jan-2014 07:55:15 org.apache.tomcat.websocket.server.WsSci onStartup
INFO: JSR 356 WebSocket (Java WebSocket 1.0) support is not available when running on Java 6. To suppress this message, run Tomcat on Java 7, remove the WebSocket JARs from $CATALINA_HOME/lib or add the WebSocket JARs to the tomcat.util.scan.DefaultJarScanner.jarsToSkip property in $CATALINA_BASE/conf/catalina.properties. Note that the deprecated Tomcat 7 WebSocket API will be available. 
08-Jan-2014 07:55:16 org.apache.catalina.startup.HostConfig deployDirectory
INFO: Deployment of web application directory /home/pi/Document/apache-tomcat-7.0.54/webapps/docs has finished in 9,944 ms
08-Jan-2014 07:55:16 org.apache.catalina.startup.HostConfig deployDirectory
INFO: Deploying web application directory /home/pi/Document/apache-tomcat-7.0.54/webapps/examples
08-Jan-2014 07:55:32 org.apache.catalina.startup.HostConfig deployDirectory
INFO: Deployment of web application directory /home/pi/Document/apache-tomcat-7.0.54/webapps/examples has finished in 16,469 ms
08-Jan-2014 07:55:32 org.apache.catalina.startup.HostConfig deployDirectory
INFO: Deploying web application directory /home/pi/Document/apache-tomcat-7.0.54/webapps/ROOT
08-Jan-2014 07:55:36 org.apache.catalina.startup.HostConfig deployDirectory
INFO: Deployment of web application directory /home/pi/Document/apache-tomcat-7.0.54/webapps/ROOT has finished in 3,740 ms
08-Jan-2014 07:55:36 org.apache.catalina.startup.HostConfig deployDirectory
INFO: Deploying web application directory /home/pi/Document/apache-tomcat-7.0.54/webapps/manager
08-Jan-2014 07:55:41 org.apache.catalina.startup.HostConfig deployDirectory
INFO: Deployment of web application directory /home/pi/Document/apache-tomcat-7.0.54/webapps/manager has finished in 4,477 ms
08-Jan-2014 07:55:41 org.apache.catalina.startup.HostConfig deployDirectory
INFO: Deploying web application directory /home/pi/Document/apache-tomcat-7.0.54/webapps/host-manager
08-Jan-2014 07:55:45 org.apache.catalina.startup.HostConfig deployDirectory
INFO: Deployment of web application directory /home/pi/Document/apache-tomcat-7.0.54/webapps/host-manager has finished in 4,650 ms
08-Jan-2014 07:55:45 org.apache.catalina.startup.Catalina start
INFO: Server startup in 39955 ms
08-Jan-2014 07:55:45 org.apache.catalina.core.StandardServer await
SEVERE: StandardServer.await: create[localhost:8005]: 
java.net.BindException: Address already in use
	at java.net.PlainSocketImpl.socketBind(Native Method)
	at java.net.AbstractPlainSocketImpl.bind(AbstractPlainSocketImpl.java:353)
	at java.net.ServerSocket.bind(ServerSocket.java:336)
	at java.net.ServerSocket.<init>(ServerSocket.java:202)
	at org.apache.catalina.core.StandardServer.await(StandardServer.java:426)
	at org.apache.catalina.startup.Catalina.await(Catalina.java:777)
	at org.apache.catalina.startup.Catalina.start(Catalina.java:723)
	at sun.reflect.NativeMethodAccessorImpl.invoke0(Native Method)
	at sun.reflect.NativeMethodAccessorImpl.invoke(NativeMethodAccessorImpl.java:57)
	at sun.reflect.DelegatingMethodAccessorImpl.invoke(DelegatingMethodAccessorImpl.java:43)
	at java.lang.reflect.Method.invoke(Method.java:622)
	at org.apache.catalina.startup.Bootstrap.start(Bootstrap.java:321)
	at org.apache.catalina.startup.Bootstrap.main(Bootstrap.java:455)
08-Jan-2014 07:55:45 org.apache.coyote.AbstractProtocol pause
INFO: Pausing ProtocolHandler ["http-bio-8080"]
08-Jan-2014 07:55:45 org.apache.coyote.AbstractProtocol pause
INFO: Pausing ProtocolHandler ["ajp-bio-8009"]
08-Jan-2014 07:55:45 org.apache.catalina.core.StandardService stopInternal
INFO: Stopping service Catalina
08-Jan-2014 07:55:47 org.apache.coyote.AbstractProtocol stop
INFO: Stopping ProtocolHandler ["http-bio-8080"]
08-Jan-2014 07:55:47 org.apache.coyote.AbstractProtocol destroy
INFO: Destroying ProtocolHandler ["http-bio-8080"]
08-Jan-2014 07:55:47 org.apache.coyote.AbstractProtocol stop
INFO: Stopping ProtocolHandler ["ajp-bio-8009"]
08-Jan-2014 07:55:47 org.apache.coyote.AbstractProtocol destroy
INFO: Destroying ProtocolHandler ["ajp-bio-8009"]
08-Jan-2014 08:00:15 org.apache.coyote.AbstractProtocol pause
INFO: Pausing ProtocolHandler ["http-bio-8080"]
08-Jan-2014 08:00:16 org.apache.coyote.AbstractProtocol pause
INFO: Pausing ProtocolHandler ["ajp-bio-8009"]
08-Jan-2014 08:00:16 org.apache.catalina.core.StandardService stopInternal
INFO: Stopping service Catalina
08-Jan-2014 08:00:16 org.apache.coyote.AbstractProtocol stop
INFO: Stopping ProtocolHandler ["http-bio-8080"]
08-Jan-2014 08:00:16 org.apache.coyote.AbstractProtocol stop
INFO: Stopping ProtocolHandler ["ajp-bio-8009"]
08-Jan-2014 08:00:17 org.apache.coyote.AbstractProtocol destroy
INFO: Destroying ProtocolHandler ["http-bio-8080"]
08-Jan-2014 08:00:17 org.apache.coyote.AbstractProtocol destroy
INFO: Destroying ProtocolHandler ["ajp-bio-8009"]
08-Jan-2014 08:02:13 org.apache.catalina.core.AprLifecycleListener init
INFO: The APR based Apache Tomcat Native library which allows optimal performance in production environments was not found on the java.library.path: /usr/lib/jvm/java-6-openjdk-armhf/jre/lib/arm/server:/usr/lib/jvm/java-6-openjdk-armhf/jre/lib/arm:/usr/lib/jvm/java-6-openjdk-armhf/jre/../lib/arm:/usr/java/packages/lib/arm:/usr/lib/jni:/lib:/usr/lib
08-Jan-2014 08:02:18 org.apache.coyote.AbstractProtocol init
INFO: Initializing ProtocolHandler ["http-bio-8080"]
08-Jan-2014 08:02:18 org.apache.coyote.AbstractProtocol init
INFO: Initializing ProtocolHandler ["ajp-bio-8009"]
08-Jan-2014 08:02:18 org.apache.catalina.startup.Catalina load
INFO: Initialization processed in 11501 ms
08-Jan-2014 08:02:18 org.apache.catalina.core.StandardService startInternal
INFO: Starting service Catalina
08-Jan-2014 08:02:18 org.apache.catalina.core.StandardEngine startInternal
INFO: Starting Servlet Engine: Apache Tomcat/7.0.54
08-Jan-2014 08:02:18 org.apache.catalina.startup.HostConfig deployDirectory
INFO: Deploying web application directory /home/pi/Document/apache-tomcat-7.0.54/webapps/docs
08-Jan-2014 08:02:28 org.apache.tomcat.websocket.server.WsSci onStartup
INFO: JSR 356 WebSocket (Java WebSocket 1.0) support is not available when running on Java 6. To suppress this message, run Tomcat on Java 7, remove the WebSocket JARs from $CATALINA_HOME/lib or add the WebSocket JARs to the tomcat.util.scan.DefaultJarScanner.jarsToSkip property in $CATALINA_BASE/conf/catalina.properties. Note that the deprecated Tomcat 7 WebSocket API will be available. 
08-Jan-2014 08:02:28 org.apache.catalina.startup.HostConfig deployDirectory
INFO: Deployment of web application directory /home/pi/Document/apache-tomcat-7.0.54/webapps/docs has finished in 9,784 ms
08-Jan-2014 08:02:28 org.apache.catalina.startup.HostConfig deployDirectory
INFO: Deploying web application directory /home/pi/Document/apache-tomcat-7.0.54/webapps/examples
08-Jan-2014 08:02:44 org.apache.catalina.startup.HostConfig deployDirectory
INFO: Deployment of web application directory /home/pi/Document/apache-tomcat-7.0.54/webapps/examples has finished in 15,361 ms
08-Jan-2014 08:02:44 org.apache.catalina.startup.HostConfig deployDirectory
INFO: Deploying web application directory /home/pi/Document/apache-tomcat-7.0.54/webapps/ROOT
08-Jan-2014 08:02:47 org.apache.catalina.startup.HostConfig deployDirectory
INFO: Deployment of web application directory /home/pi/Document/apache-tomcat-7.0.54/webapps/ROOT has finished in 3,143 ms
08-Jan-2014 08:02:47 org.apache.catalina.startup.HostConfig deployDirectory
INFO: Deploying web application directory /home/pi/Document/apache-tomcat-7.0.54/webapps/manager
08-Jan-2014 08:02:50 org.apache.catalina.startup.HostConfig deployDirectory
INFO: Deployment of web application directory /home/pi/Document/apache-tomcat-7.0.54/webapps/manager has finished in 3,479 ms
08-Jan-2014 08:02:50 org.apache.catalina.startup.HostConfig deployDirectory
INFO: Deploying web application directory /home/pi/Document/apache-tomcat-7.0.54/webapps/host-manager
08-Jan-2014 08:02:54 org.apache.catalina.startup.HostConfig deployDirectory
INFO: Deployment of web application directory /home/pi/Document/apache-tomcat-7.0.54/webapps/host-manager has finished in 3,343 ms
08-Jan-2014 08:02:54 org.apache.coyote.AbstractProtocol start
INFO: Starting ProtocolHandler ["http-bio-8080"]
08-Jan-2014 08:02:54 org.apache.coyote.AbstractProtocol start
INFO: Starting ProtocolHandler ["ajp-bio-8009"]
08-Jan-2014 08:02:54 org.apache.catalina.startup.Catalina start
INFO: Server startup in 35999 ms
08-Jan-2014 08:09:36 org.apache.catalina.startup.HostConfig deployWAR
INFO: Deploying web application archive /home/pi/Document/apache-tomcat-7.0.54/webapps/sample.war
08-Jan-2014 08:09:41 org.apache.catalina.startup.HostConfig deployWAR
INFO: Deployment of web application archive /home/pi/Document/apache-tomcat-7.0.54/webapps/sample.war has finished in 4,994 ms
08-Jan-2014 08:21:07 org.apache.catalina.core.StandardServer await
INFO: A valid shutdown command was received via the shutdown port. Stopping the Server instance.
08-Jan-2014 08:21:07 org.apache.coyote.AbstractProtocol pause
INFO: Pausing ProtocolHandler ["http-bio-8080"]
08-Jan-2014 08:21:07 org.apache.coyote.AbstractProtocol pause
INFO: Pausing ProtocolHandler ["ajp-bio-8009"]
08-Jan-2014 08:21:07 org.apache.catalina.core.StandardService stopInternal
INFO: Stopping service Catalina
08-Jan-2014 08:21:08 org.apache.coyote.AbstractProtocol stop
INFO: Stopping ProtocolHandler ["http-bio-8080"]
08-Jan-2014 08:21:08 org.apache.coyote.AbstractProtocol stop
INFO: Stopping ProtocolHandler ["ajp-bio-8009"]
08-Jan-2014 08:21:08 org.apache.coyote.AbstractProtocol destroy
INFO: Destroying ProtocolHandler ["http-bio-8080"]
08-Jan-2014 08:21:08 org.apache.coyote.AbstractProtocol destroy
INFO: Destroying ProtocolHandler ["ajp-bio-8009"]
