28-May-2014 14:11:31 org.apache.catalina.core.AprLifecycleListener init
INFO: The APR based Apache Tomcat Native library which allows optimal performance in production environments was not found on the java.library.path: /usr/lib/jvm/java-6-openjdk-armhf/jre/lib/arm/server:/usr/lib/jvm/java-6-openjdk-armhf/jre/lib/arm:/usr/lib/jvm/java-6-openjdk-armhf/jre/../lib/arm:/usr/java/packages/lib/arm:/usr/lib/jni:/lib:/usr/lib
28-May-2014 14:11:38 org.apache.coyote.AbstractProtocol init
INFO: Initializing ProtocolHandler ["http-bio-8080"]
28-May-2014 14:11:39 org.apache.coyote.AbstractProtocol init
INFO: Initializing ProtocolHandler ["ajp-bio-8009"]
28-May-2014 14:11:39 org.apache.catalina.startup.Catalina load
INFO: Initialization processed in 19835 ms
28-May-2014 14:11:39 org.apache.catalina.core.StandardService startInternal
INFO: Starting service Catalina
28-May-2014 14:11:39 org.apache.catalina.core.StandardEngine startInternal
INFO: Starting Servlet Engine: Apache Tomcat/7.0.54
28-May-2014 14:11:40 org.apache.catalina.startup.HostConfig deployWAR
INFO: Deploying web application archive /home/pi/Document/weatherStation/apache-tomcat-7.0.54/webapps/sample.war
28-May-2014 14:12:19 org.apache.tomcat.websocket.server.WsSci onStartup
INFO: JSR 356 WebSocket (Java WebSocket 1.0) support is not available when running on Java 6. To suppress this message, run Tomcat on Java 7, remove the WebSocket JARs from $CATALINA_HOME/lib or add the WebSocket JARs to the tomcat.util.scan.DefaultJarScanner.jarsToSkip property in $CATALINA_BASE/conf/catalina.properties. Note that the deprecated Tomcat 7 WebSocket API will be available. 
28-May-2014 14:12:20 org.apache.catalina.util.SessionIdGenerator createSecureRandom
INFO: Creation of SecureRandom instance for session ID generation using [SHA1PRNG] took [145] milliseconds.
28-May-2014 14:12:20 org.apache.catalina.startup.HostConfig deployWAR
INFO: Deployment of web application archive /home/pi/Document/weatherStation/apache-tomcat-7.0.54/webapps/sample.war has finished in 40,398 ms
28-May-2014 14:12:20 org.apache.catalina.startup.HostConfig deployDirectory
INFO: Deploying web application directory /home/pi/Document/weatherStation/apache-tomcat-7.0.54/webapps/docs
28-May-2014 14:12:50 org.apache.catalina.startup.HostConfig deployDirectory
INFO: Deployment of web application directory /home/pi/Document/weatherStation/apache-tomcat-7.0.54/webapps/docs has finished in 29,818 ms
28-May-2014 14:12:50 org.apache.catalina.startup.HostConfig deployDirectory
INFO: Deploying web application directory /home/pi/Document/weatherStation/apache-tomcat-7.0.54/webapps/examples
28-May-2014 14:14:53 org.apache.catalina.startup.HostConfig deployDirectory
INFO: Deployment of web application directory /home/pi/Document/weatherStation/apache-tomcat-7.0.54/webapps/examples has finished in 122,650 ms
28-May-2014 14:14:53 org.apache.catalina.startup.HostConfig deployDirectory
INFO: Deploying web application directory /home/pi/Document/weatherStation/apache-tomcat-7.0.54/webapps/ROOT
28-May-2014 14:15:39 org.apache.catalina.startup.HostConfig deployDirectory
INFO: Deployment of web application directory /home/pi/Document/weatherStation/apache-tomcat-7.0.54/webapps/ROOT has finished in 46,429 ms
28-May-2014 14:15:39 org.apache.catalina.startup.HostConfig deployDirectory
INFO: Deploying web application directory /home/pi/Document/weatherStation/apache-tomcat-7.0.54/webapps/manager
28-May-2014 14:16:24 org.apache.catalina.startup.HostConfig deployDirectory
INFO: Deployment of web application directory /home/pi/Document/weatherStation/apache-tomcat-7.0.54/webapps/manager has finished in 44,663 ms
28-May-2014 14:16:24 org.apache.catalina.startup.HostConfig deployDirectory
INFO: Deploying web application directory /home/pi/Document/weatherStation/apache-tomcat-7.0.54/webapps/vide
28-May-2014 14:16:58 org.apache.catalina.startup.HostConfig deployDirectory
INFO: Deployment of web application directory /home/pi/Document/weatherStation/apache-tomcat-7.0.54/webapps/vide has finished in 33,920 ms
28-May-2014 14:16:58 org.apache.catalina.startup.HostConfig deployDirectory
INFO: Deploying web application directory /home/pi/Document/weatherStation/apache-tomcat-7.0.54/webapps/host-manager
28-May-2014 14:17:26 org.apache.catalina.startup.HostConfig deployDirectory
INFO: Deployment of web application directory /home/pi/Document/weatherStation/apache-tomcat-7.0.54/webapps/host-manager has finished in 27,661 ms
28-May-2014 14:17:26 org.apache.coyote.AbstractProtocol start
INFO: Starting ProtocolHandler ["http-bio-8080"]
28-May-2014 14:17:26 org.apache.coyote.AbstractProtocol start
INFO: Starting ProtocolHandler ["ajp-bio-8009"]
28-May-2014 14:17:26 org.apache.catalina.startup.Catalina start
INFO: Server startup in 347353 ms
