08-Jan-2014 07:44:11 org.apache.catalina.core.ApplicationContext log
INFO: ContextListener: contextInitialized()
08-Jan-2014 07:44:11 org.apache.catalina.core.ApplicationContext log
INFO: SessionListener: contextInitialized()
08-Jan-2014 07:44:11 org.apache.catalina.core.ApplicationContext log
INFO: ContextListener: attributeAdded('org.apache.jasper.compiler.TldLocationsCache', 'org.apache.jasper.compiler.TldLocationsCache@1c6b6ec')
08-Jan-2014 07:55:32 org.apache.catalina.core.ApplicationContext log
INFO: ContextListener: contextInitialized()
08-Jan-2014 07:55:32 org.apache.catalina.core.ApplicationContext log
INFO: SessionListener: contextInitialized()
08-Jan-2014 07:55:32 org.apache.catalina.core.ApplicationContext log
INFO: ContextListener: attributeAdded('org.apache.jasper.compiler.TldLocationsCache', 'org.apache.jasper.compiler.TldLocationsCache@1c6b6ec')
08-Jan-2014 07:55:46 org.apache.catalina.core.ApplicationContext log
INFO: SessionListener: contextDestroyed()
08-Jan-2014 07:55:46 org.apache.catalina.core.ApplicationContext log
INFO: ContextListener: contextDestroyed()
08-Jan-2014 08:00:16 org.apache.catalina.core.ApplicationContext log
INFO: SessionListener: contextDestroyed()
08-Jan-2014 08:00:16 org.apache.catalina.core.ApplicationContext log
INFO: ContextListener: contextDestroyed()
08-Jan-2014 08:02:43 org.apache.catalina.core.ApplicationContext log
INFO: ContextListener: contextInitialized()
08-Jan-2014 08:02:43 org.apache.catalina.core.ApplicationContext log
INFO: SessionListener: contextInitialized()
08-Jan-2014 08:02:44 org.apache.catalina.core.ApplicationContext log
INFO: ContextListener: attributeAdded('org.apache.jasper.compiler.TldLocationsCache', 'org.apache.jasper.compiler.TldLocationsCache@1c6b6ec')
08-Jan-2014 08:21:08 org.apache.catalina.core.ApplicationContext log
INFO: SessionListener: contextDestroyed()
08-Jan-2014 08:21:08 org.apache.catalina.core.ApplicationContext log
INFO: ContextListener: contextDestroyed()
08-Jan-2014 08:27:44 org.apache.catalina.core.ApplicationContext log
INFO: ContextListener: contextInitialized()
08-Jan-2014 08:27:44 org.apache.catalina.core.ApplicationContext log
INFO: SessionListener: contextInitialized()
08-Jan-2014 08:27:44 org.apache.catalina.core.ApplicationContext log
INFO: ContextListener: attributeAdded('org.apache.jasper.compiler.TldLocationsCache', 'org.apache.jasper.compiler.TldLocationsCache@16d5155')
08-Jan-2014 08:37:52 org.apache.catalina.core.StandardWrapperValve invoke
SEVERE: Servlet.service() for servlet [Images] in context with path [/vide] threw exception
java.lang.NumberFormatException: null
	at java.lang.Integer.parseInt(Integer.java:443)
	at java.lang.Integer.valueOf(Integer.java:570)
	at Images.service(Images.java:28)
	at javax.servlet.http.HttpServlet.service(HttpServlet.java:727)
	at org.apache.catalina.core.ApplicationFilterChain.internalDoFilter(ApplicationFilterChain.java:303)
	at org.apache.catalina.core.ApplicationFilterChain.doFilter(ApplicationFilterChain.java:208)
	at org.apache.catalina.core.StandardWrapperValve.invoke(StandardWrapperValve.java:220)
	at org.apache.catalina.core.StandardContextValve.invoke(StandardContextValve.java:122)
	at org.apache.catalina.authenticator.AuthenticatorBase.invoke(AuthenticatorBase.java:501)
	at org.apache.catalina.core.StandardHostValve.invoke(StandardHostValve.java:171)
	at org.apache.catalina.valves.ErrorReportValve.invoke(ErrorReportValve.java:102)
	at org.apache.catalina.valves.AccessLogValve.invoke(AccessLogValve.java:950)
	at org.apache.catalina.core.StandardEngineValve.invoke(StandardEngineValve.java:116)
	at org.apache.catalina.connector.CoyoteAdapter.service(CoyoteAdapter.java:408)
	at org.apache.coyote.http11.AbstractHttp11Processor.process(AbstractHttp11Processor.java:1040)
	at org.apache.coyote.AbstractProtocol$AbstractConnectionHandler.process(AbstractProtocol.java:607)
	at org.apache.tomcat.util.net.JIoEndpoint$SocketProcessor.run(JIoEndpoint.java:314)
	at java.util.concurrent.ThreadPoolExecutor.runWorker(ThreadPoolExecutor.java:1146)
	at java.util.concurrent.ThreadPoolExecutor$Worker.run(ThreadPoolExecutor.java:615)
	at org.apache.tomcat.util.threads.TaskThread$WrappingRunnable.run(TaskThread.java:61)
	at java.lang.Thread.run(Thread.java:701)
08-Jan-2014 08:38:20 org.apache.catalina.core.StandardWrapperValve invoke
SEVERE: Servlet.service() for servlet [Images] in context with path [/vide] threw exception [Servlet execution threw an exception] with root cause
java.lang.UnsupportedClassVersionError: Voir : Unsupported major.minor version 51.0 (unable to load class Voir)
	at org.apache.catalina.loader.WebappClassLoader.findClassInternal(WebappClassLoader.java:2961)
	at org.apache.catalina.loader.WebappClassLoader.findClass(WebappClassLoader.java:1210)
	at org.apache.catalina.loader.WebappClassLoader.loadClass(WebappClassLoader.java:1690)
	at org.apache.catalina.loader.WebappClassLoader.loadClass(WebappClassLoader.java:1571)
	at Images.service(Images.java:29)
	at javax.servlet.http.HttpServlet.service(HttpServlet.java:727)
	at org.apache.catalina.core.ApplicationFilterChain.internalDoFilter(ApplicationFilterChain.java:303)
	at org.apache.catalina.core.ApplicationFilterChain.doFilter(ApplicationFilterChain.java:208)
	at org.apache.catalina.core.StandardWrapperValve.invoke(StandardWrapperValve.java:220)
	at org.apache.catalina.core.StandardContextValve.invoke(StandardContextValve.java:122)
	at org.apache.catalina.authenticator.AuthenticatorBase.invoke(AuthenticatorBase.java:501)
	at org.apache.catalina.core.StandardHostValve.invoke(StandardHostValve.java:171)
	at org.apache.catalina.valves.ErrorReportValve.invoke(ErrorReportValve.java:102)
	at org.apache.catalina.valves.AccessLogValve.invoke(AccessLogValve.java:950)
	at org.apache.catalina.core.StandardEngineValve.invoke(StandardEngineValve.java:116)
	at org.apache.catalina.connector.CoyoteAdapter.service(CoyoteAdapter.java:408)
	at org.apache.coyote.http11.AbstractHttp11Processor.process(AbstractHttp11Processor.java:1040)
	at org.apache.coyote.AbstractProtocol$AbstractConnectionHandler.process(AbstractProtocol.java:607)
	at org.apache.tomcat.util.net.JIoEndpoint$SocketProcessor.run(JIoEndpoint.java:314)
	at java.util.concurrent.ThreadPoolExecutor.runWorker(ThreadPoolExecutor.java:1146)
	at java.util.concurrent.ThreadPoolExecutor$Worker.run(ThreadPoolExecutor.java:615)
	at org.apache.tomcat.util.threads.TaskThread$WrappingRunnable.run(TaskThread.java:61)
	at java.lang.Thread.run(Thread.java:701)
08-Jan-2014 08:50:09 org.apache.catalina.core.ApplicationContext log
INFO: SessionListener: contextDestroyed()
08-Jan-2014 08:50:09 org.apache.catalina.core.ApplicationContext log
INFO: ContextListener: contextDestroyed()
08-Jan-2014 08:51:13 org.apache.catalina.core.ApplicationContext log
INFO: ContextListener: contextInitialized()
08-Jan-2014 08:51:13 org.apache.catalina.core.ApplicationContext log
INFO: SessionListener: contextInitialized()
08-Jan-2014 08:51:14 org.apache.catalina.core.ApplicationContext log
INFO: ContextListener: attributeAdded('org.apache.jasper.compiler.TldLocationsCache', 'org.apache.jasper.compiler.TldLocationsCache@1f6d04a')
08-Jan-2014 09:14:18 org.apache.catalina.core.ApplicationContext log
INFO: SessionListener: contextDestroyed()
08-Jan-2014 09:14:18 org.apache.catalina.core.ApplicationContext log
INFO: ContextListener: contextDestroyed()
08-Jan-2014 09:19:03 org.apache.catalina.core.ApplicationContext log
INFO: ContextListener: contextInitialized()
08-Jan-2014 09:19:03 org.apache.catalina.core.ApplicationContext log
INFO: SessionListener: contextInitialized()
08-Jan-2014 09:19:03 org.apache.catalina.core.ApplicationContext log
INFO: ContextListener: attributeAdded('org.apache.jasper.compiler.TldLocationsCache', 'org.apache.jasper.compiler.TldLocationsCache@1f6d04a')
