01-May-2014 12:18:32.418 INFO [main] org.apache.catalina.core.AprLifecycleListener.init The APR based Apache Tomcat Native library which allows optimal performance in production environments was not found on the java.library.path: /usr/java/packages/lib/i386:/usr/lib/i386-linux-gnu/jni:/lib/i386-linux-gnu:/usr/lib/i386-linux-gnu:/usr/lib/jni:/lib:/usr/lib
01-May-2014 12:18:33.410 INFO [main] org.apache.coyote.AbstractProtocol.init Initializing ProtocolHandler ["http-nio-8080"]
01-May-2014 12:18:33.477 INFO [main] org.apache.tomcat.util.net.NioSelectorPool.getSharedSelector Using a shared selector for servlet write/read
01-May-2014 12:18:33.482 INFO [main] org.apache.coyote.AbstractProtocol.init Initializing ProtocolHandler ["ajp-nio-8009"]
01-May-2014 12:18:33.484 INFO [main] org.apache.tomcat.util.net.NioSelectorPool.getSharedSelector Using a shared selector for servlet write/read
01-May-2014 12:18:33.491 INFO [main] org.apache.catalina.startup.Catalina.load Initialization processed in 2344 ms
01-May-2014 12:18:33.590 INFO [main] org.apache.catalina.core.StandardService.startInternal Démarrage du service Catalina
01-May-2014 12:18:33.590 INFO [main] org.apache.catalina.core.StandardEngine.startInternal Starting Servlet Engine: Apache Tomcat/8.0.5
01-May-2014 12:18:33.604 INFO [localhost-startStop-1] org.apache.catalina.startup.HostConfig.deployDirectory Déploiement du répertoire /home/thor/Téléchargements/WeatherStation (2)/apache-tomcat-8.0.5/webapps/docs de l'application web
01-May-2014 12:18:34.401 INFO [localhost-startStop-1] org.apache.catalina.startup.HostConfig.deployDirectory Déploiement du répertoire /home/thor/Téléchargements/WeatherStation (2)/apache-tomcat-8.0.5/webapps/manager de l'application web
01-May-2014 12:18:34.526 INFO [localhost-startStop-1] org.apache.catalina.startup.HostConfig.deployDirectory Déploiement du répertoire /home/thor/Téléchargements/WeatherStation (2)/apache-tomcat-8.0.5/webapps/ROOT de l'application web
01-May-2014 12:18:34.601 INFO [localhost-startStop-1] org.apache.catalina.startup.HostConfig.deployDirectory Déploiement du répertoire /home/thor/Téléchargements/WeatherStation (2)/apache-tomcat-8.0.5/webapps/vide de l'application web
01-May-2014 12:18:34.806 SEVERE [localhost-startStop-1] org.apache.catalina.core.ContainerBase.addChildInternal ContainerBase.addChild: start: 
 org.apache.catalina.LifecycleException: Failed to start component [StandardEngine[Catalina].StandardHost[localhost].StandardContext[/vide]]
	at org.apache.catalina.util.LifecycleBase.start(LifecycleBase.java:154)
	at org.apache.catalina.core.ContainerBase.addChildInternal(ContainerBase.java:726)
	at org.apache.catalina.core.ContainerBase.addChild(ContainerBase.java:702)
	at org.apache.catalina.core.StandardHost.addChild(StandardHost.java:697)
	at org.apache.catalina.startup.HostConfig.deployDirectory(HostConfig.java:1134)
	at org.apache.catalina.startup.HostConfig$DeployDirectory.run(HostConfig.java:1780)
	at java.util.concurrent.Executors$RunnableAdapter.call(Executors.java:471)
	at java.util.concurrent.FutureTask.run(FutureTask.java:262)
	at java.util.concurrent.ThreadPoolExecutor.runWorker(ThreadPoolExecutor.java:1145)
	at java.util.concurrent.ThreadPoolExecutor$Worker.run(ThreadPoolExecutor.java:615)
	at java.lang.Thread.run(Thread.java:744)
Caused by: java.lang.IllegalArgumentException: The servlets named [Voir] and [Menu] are both mapped to the url-pattern [/servlet/Voir] which is not permitted
	at org.apache.tomcat.util.descriptor.web.WebXml.addServletMapping(WebXml.java:308)
	at org.apache.catalina.startup.ContextConfig.processAnnotationWebServlet(ContextConfig.java:2370)
	at org.apache.catalina.startup.ContextConfig.processAnnotationsStream(ContextConfig.java:2046)
	at org.apache.catalina.startup.ContextConfig.processAnnotationsWebResource(ContextConfig.java:1905)
	at org.apache.catalina.startup.ContextConfig.webConfig(ContextConfig.java:1136)
	at org.apache.catalina.startup.ContextConfig.configureStart(ContextConfig.java:768)
	at org.apache.catalina.startup.ContextConfig.lifecycleEvent(ContextConfig.java:303)
	at org.apache.catalina.util.LifecycleSupport.fireLifecycleEvent(LifecycleSupport.java:117)
	at org.apache.catalina.util.LifecycleBase.fireLifecycleEvent(LifecycleBase.java:90)
	at org.apache.catalina.core.StandardContext.startInternal(StandardContext.java:5058)
	at org.apache.catalina.util.LifecycleBase.start(LifecycleBase.java:150)
	... 10 more

01-May-2014 12:18:34.811 SEVERE [localhost-startStop-1] org.apache.catalina.startup.HostConfig.deployDirectory Erreur lors du déploiement du répertoire /home/thor/Téléchargements/WeatherStation (2)/apache-tomcat-8.0.5/webapps/vide de l'application web
 java.lang.IllegalStateException: ContainerBase.addChild: start: org.apache.catalina.LifecycleException: Failed to start component [StandardEngine[Catalina].StandardHost[localhost].StandardContext[/vide]]
	at org.apache.catalina.core.ContainerBase.addChildInternal(ContainerBase.java:729)
	at org.apache.catalina.core.ContainerBase.addChild(ContainerBase.java:702)
	at org.apache.catalina.core.StandardHost.addChild(StandardHost.java:697)
	at org.apache.catalina.startup.HostConfig.deployDirectory(HostConfig.java:1134)
	at org.apache.catalina.startup.HostConfig$DeployDirectory.run(HostConfig.java:1780)
	at java.util.concurrent.Executors$RunnableAdapter.call(Executors.java:471)
	at java.util.concurrent.FutureTask.run(FutureTask.java:262)
	at java.util.concurrent.ThreadPoolExecutor.runWorker(ThreadPoolExecutor.java:1145)
	at java.util.concurrent.ThreadPoolExecutor$Worker.run(ThreadPoolExecutor.java:615)
	at java.lang.Thread.run(Thread.java:744)

01-May-2014 12:18:34.813 INFO [localhost-startStop-1] org.apache.catalina.startup.HostConfig.deployDirectory Déploiement du répertoire /home/thor/Téléchargements/WeatherStation (2)/apache-tomcat-8.0.5/webapps/host-manager de l'application web
01-May-2014 12:18:34.889 INFO [localhost-startStop-1] org.apache.catalina.startup.HostConfig.deployDirectory Déploiement du répertoire /home/thor/Téléchargements/WeatherStation (2)/apache-tomcat-8.0.5/webapps/examples de l'application web
01-May-2014 12:18:35.870 INFO [main] org.apache.coyote.AbstractProtocol.start Starting ProtocolHandler ["http-nio-8080"]
01-May-2014 12:18:35.874 INFO [main] org.apache.coyote.AbstractProtocol.start Starting ProtocolHandler ["ajp-nio-8009"]
01-May-2014 12:18:35.876 INFO [main] org.apache.catalina.startup.Catalina.start Server startup in 2384 ms
01-May-2014 12:24:45.242 INFO [Thread-6] org.apache.coyote.AbstractProtocol.pause Pausing ProtocolHandler ["http-nio-8080"]
01-May-2014 12:24:45.265 INFO [Thread-6] org.apache.coyote.AbstractProtocol.pause Pausing ProtocolHandler ["ajp-nio-8009"]
01-May-2014 12:24:45.266 INFO [Thread-6] org.apache.catalina.core.StandardService.stopInternal Arrêt du service Catalina
01-May-2014 12:24:45.423 INFO [Thread-6] org.apache.coyote.AbstractProtocol.stop Stopping ProtocolHandler ["http-nio-8080"]
01-May-2014 12:24:45.428 INFO [Thread-6] org.apache.coyote.AbstractProtocol.stop Stopping ProtocolHandler ["ajp-nio-8009"]
01-May-2014 12:24:45.491 INFO [Thread-6] org.apache.coyote.AbstractProtocol.destroy Destroying ProtocolHandler ["http-nio-8080"]
01-May-2014 12:24:45.493 INFO [Thread-6] org.apache.coyote.AbstractProtocol.destroy Destroying ProtocolHandler ["ajp-nio-8009"]
01-May-2014 12:24:48.980 INFO [main] org.apache.catalina.core.AprLifecycleListener.init The APR based Apache Tomcat Native library which allows optimal performance in production environments was not found on the java.library.path: /usr/java/packages/lib/i386:/usr/lib/i386-linux-gnu/jni:/lib/i386-linux-gnu:/usr/lib/i386-linux-gnu:/usr/lib/jni:/lib:/usr/lib
01-May-2014 12:24:49.398 INFO [main] org.apache.coyote.AbstractProtocol.init Initializing ProtocolHandler ["http-nio-8080"]
01-May-2014 12:24:49.462 INFO [main] org.apache.tomcat.util.net.NioSelectorPool.getSharedSelector Using a shared selector for servlet write/read
01-May-2014 12:24:49.470 INFO [main] org.apache.coyote.AbstractProtocol.init Initializing ProtocolHandler ["ajp-nio-8009"]
01-May-2014 12:24:49.480 INFO [main] org.apache.tomcat.util.net.NioSelectorPool.getSharedSelector Using a shared selector for servlet write/read
01-May-2014 12:24:49.487 INFO [main] org.apache.catalina.startup.Catalina.load Initialization processed in 1244 ms
01-May-2014 12:24:49.553 INFO [main] org.apache.catalina.core.StandardService.startInternal Démarrage du service Catalina
01-May-2014 12:24:49.554 INFO [main] org.apache.catalina.core.StandardEngine.startInternal Starting Servlet Engine: Apache Tomcat/8.0.5
01-May-2014 12:24:49.578 INFO [localhost-startStop-1] org.apache.catalina.startup.HostConfig.deployDirectory Déploiement du répertoire /home/thor/Téléchargements/WeatherStation (2)/apache-tomcat-8.0.5/webapps/docs de l'application web
01-May-2014 12:24:50.280 INFO [localhost-startStop-1] org.apache.catalina.startup.HostConfig.deployDirectory Déploiement du répertoire /home/thor/Téléchargements/WeatherStation (2)/apache-tomcat-8.0.5/webapps/manager de l'application web
01-May-2014 12:24:50.394 INFO [localhost-startStop-1] org.apache.catalina.startup.HostConfig.deployDirectory Déploiement du répertoire /home/thor/Téléchargements/WeatherStation (2)/apache-tomcat-8.0.5/webapps/ROOT de l'application web
01-May-2014 12:24:50.487 INFO [localhost-startStop-1] org.apache.catalina.startup.HostConfig.deployDirectory Déploiement du répertoire /home/thor/Téléchargements/WeatherStation (2)/apache-tomcat-8.0.5/webapps/vide de l'application web
01-May-2014 12:24:50.654 SEVERE [localhost-startStop-1] org.apache.catalina.core.ContainerBase.addChildInternal ContainerBase.addChild: start: 
 org.apache.catalina.LifecycleException: Failed to start component [StandardEngine[Catalina].StandardHost[localhost].StandardContext[/vide]]
	at org.apache.catalina.util.LifecycleBase.start(LifecycleBase.java:154)
	at org.apache.catalina.core.ContainerBase.addChildInternal(ContainerBase.java:726)
	at org.apache.catalina.core.ContainerBase.addChild(ContainerBase.java:702)
	at org.apache.catalina.core.StandardHost.addChild(StandardHost.java:697)
	at org.apache.catalina.startup.HostConfig.deployDirectory(HostConfig.java:1134)
	at org.apache.catalina.startup.HostConfig$DeployDirectory.run(HostConfig.java:1780)
	at java.util.concurrent.Executors$RunnableAdapter.call(Executors.java:471)
	at java.util.concurrent.FutureTask.run(FutureTask.java:262)
	at java.util.concurrent.ThreadPoolExecutor.runWorker(ThreadPoolExecutor.java:1145)
	at java.util.concurrent.ThreadPoolExecutor$Worker.run(ThreadPoolExecutor.java:615)
	at java.lang.Thread.run(Thread.java:744)
Caused by: java.lang.IllegalArgumentException: The servlets named [Voir] and [Menu] are both mapped to the url-pattern [/servlet/Voir] which is not permitted
	at org.apache.tomcat.util.descriptor.web.WebXml.addServletMapping(WebXml.java:308)
	at org.apache.catalina.startup.ContextConfig.processAnnotationWebServlet(ContextConfig.java:2370)
	at org.apache.catalina.startup.ContextConfig.processAnnotationsStream(ContextConfig.java:2046)
	at org.apache.catalina.startup.ContextConfig.processAnnotationsWebResource(ContextConfig.java:1905)
	at org.apache.catalina.startup.ContextConfig.webConfig(ContextConfig.java:1136)
	at org.apache.catalina.startup.ContextConfig.configureStart(ContextConfig.java:768)
	at org.apache.catalina.startup.ContextConfig.lifecycleEvent(ContextConfig.java:303)
	at org.apache.catalina.util.LifecycleSupport.fireLifecycleEvent(LifecycleSupport.java:117)
	at org.apache.catalina.util.LifecycleBase.fireLifecycleEvent(LifecycleBase.java:90)
	at org.apache.catalina.core.StandardContext.startInternal(StandardContext.java:5058)
	at org.apache.catalina.util.LifecycleBase.start(LifecycleBase.java:150)
	... 10 more

01-May-2014 12:24:50.663 SEVERE [localhost-startStop-1] org.apache.catalina.startup.HostConfig.deployDirectory Erreur lors du déploiement du répertoire /home/thor/Téléchargements/WeatherStation (2)/apache-tomcat-8.0.5/webapps/vide de l'application web
 java.lang.IllegalStateException: ContainerBase.addChild: start: org.apache.catalina.LifecycleException: Failed to start component [StandardEngine[Catalina].StandardHost[localhost].StandardContext[/vide]]
	at org.apache.catalina.core.ContainerBase.addChildInternal(ContainerBase.java:729)
	at org.apache.catalina.core.ContainerBase.addChild(ContainerBase.java:702)
	at org.apache.catalina.core.StandardHost.addChild(StandardHost.java:697)
	at org.apache.catalina.startup.HostConfig.deployDirectory(HostConfig.java:1134)
	at org.apache.catalina.startup.HostConfig$DeployDirectory.run(HostConfig.java:1780)
	at java.util.concurrent.Executors$RunnableAdapter.call(Executors.java:471)
	at java.util.concurrent.FutureTask.run(FutureTask.java:262)
	at java.util.concurrent.ThreadPoolExecutor.runWorker(ThreadPoolExecutor.java:1145)
	at java.util.concurrent.ThreadPoolExecutor$Worker.run(ThreadPoolExecutor.java:615)
	at java.lang.Thread.run(Thread.java:744)

01-May-2014 12:24:50.665 INFO [localhost-startStop-1] org.apache.catalina.startup.HostConfig.deployDirectory Déploiement du répertoire /home/thor/Téléchargements/WeatherStation (2)/apache-tomcat-8.0.5/webapps/host-manager de l'application web
01-May-2014 12:24:50.729 INFO [localhost-startStop-1] org.apache.catalina.startup.HostConfig.deployDirectory Déploiement du répertoire /home/thor/Téléchargements/WeatherStation (2)/apache-tomcat-8.0.5/webapps/examples de l'application web
01-May-2014 12:24:51.410 INFO [main] org.apache.coyote.AbstractProtocol.start Starting ProtocolHandler ["http-nio-8080"]
01-May-2014 12:24:51.415 INFO [main] org.apache.coyote.AbstractProtocol.start Starting ProtocolHandler ["ajp-nio-8009"]
01-May-2014 12:24:51.417 INFO [main] org.apache.catalina.startup.Catalina.start Server startup in 1929 ms
01-May-2014 12:26:27.238 INFO [Thread-6] org.apache.coyote.AbstractProtocol.pause Pausing ProtocolHandler ["http-nio-8080"]
01-May-2014 12:26:27.243 INFO [Thread-6] org.apache.coyote.AbstractProtocol.pause Pausing ProtocolHandler ["ajp-nio-8009"]
01-May-2014 12:26:27.244 INFO [Thread-6] org.apache.catalina.core.StandardService.stopInternal Arrêt du service Catalina
01-May-2014 12:26:27.339 INFO [Thread-6] org.apache.coyote.AbstractProtocol.stop Stopping ProtocolHandler ["http-nio-8080"]
01-May-2014 12:26:27.345 INFO [Thread-6] org.apache.coyote.AbstractProtocol.stop Stopping ProtocolHandler ["ajp-nio-8009"]
01-May-2014 12:26:27.347 INFO [Thread-6] org.apache.coyote.AbstractProtocol.destroy Destroying ProtocolHandler ["http-nio-8080"]
01-May-2014 12:26:27.357 INFO [Thread-6] org.apache.coyote.AbstractProtocol.destroy Destroying ProtocolHandler ["ajp-nio-8009"]
01-May-2014 12:27:27.524 INFO [main] org.apache.catalina.core.AprLifecycleListener.init The APR based Apache Tomcat Native library which allows optimal performance in production environments was not found on the java.library.path: /usr/java/packages/lib/i386:/usr/lib/i386-linux-gnu/jni:/lib/i386-linux-gnu:/usr/lib/i386-linux-gnu:/usr/lib/jni:/lib:/usr/lib
01-May-2014 12:27:27.881 INFO [main] org.apache.coyote.AbstractProtocol.init Initializing ProtocolHandler ["http-nio-8080"]
01-May-2014 12:27:27.946 INFO [main] org.apache.tomcat.util.net.NioSelectorPool.getSharedSelector Using a shared selector for servlet write/read
01-May-2014 12:27:27.963 INFO [main] org.apache.coyote.AbstractProtocol.init Initializing ProtocolHandler ["ajp-nio-8009"]
01-May-2014 12:27:27.972 INFO [main] org.apache.tomcat.util.net.NioSelectorPool.getSharedSelector Using a shared selector for servlet write/read
01-May-2014 12:27:27.989 INFO [main] org.apache.catalina.startup.Catalina.load Initialization processed in 1138 ms
01-May-2014 12:27:28.080 INFO [main] org.apache.catalina.core.StandardService.startInternal Démarrage du service Catalina
01-May-2014 12:27:28.081 INFO [main] org.apache.catalina.core.StandardEngine.startInternal Starting Servlet Engine: Apache Tomcat/8.0.5
01-May-2014 12:27:28.102 INFO [localhost-startStop-1] org.apache.catalina.startup.HostConfig.deployDirectory Déploiement du répertoire /home/thor/WeatherStation/apache-tomcat-8.0.5/webapps/docs de l'application web
01-May-2014 12:27:28.739 INFO [localhost-startStop-1] org.apache.catalina.startup.HostConfig.deployDirectory Déploiement du répertoire /home/thor/WeatherStation/apache-tomcat-8.0.5/webapps/manager de l'application web
01-May-2014 12:27:28.863 INFO [localhost-startStop-1] org.apache.catalina.startup.HostConfig.deployDirectory Déploiement du répertoire /home/thor/WeatherStation/apache-tomcat-8.0.5/webapps/ROOT de l'application web
01-May-2014 12:27:28.952 INFO [localhost-startStop-1] org.apache.catalina.startup.HostConfig.deployDirectory Déploiement du répertoire /home/thor/WeatherStation/apache-tomcat-8.0.5/webapps/vide de l'application web
01-May-2014 12:27:29.120 SEVERE [localhost-startStop-1] org.apache.catalina.core.ContainerBase.addChildInternal ContainerBase.addChild: start: 
 org.apache.catalina.LifecycleException: Failed to start component [StandardEngine[Catalina].StandardHost[localhost].StandardContext[/vide]]
	at org.apache.catalina.util.LifecycleBase.start(LifecycleBase.java:154)
	at org.apache.catalina.core.ContainerBase.addChildInternal(ContainerBase.java:726)
	at org.apache.catalina.core.ContainerBase.addChild(ContainerBase.java:702)
	at org.apache.catalina.core.StandardHost.addChild(StandardHost.java:697)
	at org.apache.catalina.startup.HostConfig.deployDirectory(HostConfig.java:1134)
	at org.apache.catalina.startup.HostConfig$DeployDirectory.run(HostConfig.java:1780)
	at java.util.concurrent.Executors$RunnableAdapter.call(Executors.java:471)
	at java.util.concurrent.FutureTask.run(FutureTask.java:262)
	at java.util.concurrent.ThreadPoolExecutor.runWorker(ThreadPoolExecutor.java:1145)
	at java.util.concurrent.ThreadPoolExecutor$Worker.run(ThreadPoolExecutor.java:615)
	at java.lang.Thread.run(Thread.java:744)
Caused by: java.lang.IllegalArgumentException: The servlets named [Voir] and [Menu] are both mapped to the url-pattern [/servlet/Voir] which is not permitted
	at org.apache.tomcat.util.descriptor.web.WebXml.addServletMapping(WebXml.java:308)
	at org.apache.catalina.startup.ContextConfig.processAnnotationWebServlet(ContextConfig.java:2370)
	at org.apache.catalina.startup.ContextConfig.processAnnotationsStream(ContextConfig.java:2046)
	at org.apache.catalina.startup.ContextConfig.processAnnotationsWebResource(ContextConfig.java:1905)
	at org.apache.catalina.startup.ContextConfig.webConfig(ContextConfig.java:1136)
	at org.apache.catalina.startup.ContextConfig.configureStart(ContextConfig.java:768)
	at org.apache.catalina.startup.ContextConfig.lifecycleEvent(ContextConfig.java:303)
	at org.apache.catalina.util.LifecycleSupport.fireLifecycleEvent(LifecycleSupport.java:117)
	at org.apache.catalina.util.LifecycleBase.fireLifecycleEvent(LifecycleBase.java:90)
	at org.apache.catalina.core.StandardContext.startInternal(StandardContext.java:5058)
	at org.apache.catalina.util.LifecycleBase.start(LifecycleBase.java:150)
	... 10 more

01-May-2014 12:27:29.127 SEVERE [localhost-startStop-1] org.apache.catalina.startup.HostConfig.deployDirectory Erreur lors du déploiement du répertoire /home/thor/WeatherStation/apache-tomcat-8.0.5/webapps/vide de l'application web
 java.lang.IllegalStateException: ContainerBase.addChild: start: org.apache.catalina.LifecycleException: Failed to start component [StandardEngine[Catalina].StandardHost[localhost].StandardContext[/vide]]
	at org.apache.catalina.core.ContainerBase.addChildInternal(ContainerBase.java:729)
	at org.apache.catalina.core.ContainerBase.addChild(ContainerBase.java:702)
	at org.apache.catalina.core.StandardHost.addChild(StandardHost.java:697)
	at org.apache.catalina.startup.HostConfig.deployDirectory(HostConfig.java:1134)
	at org.apache.catalina.startup.HostConfig$DeployDirectory.run(HostConfig.java:1780)
	at java.util.concurrent.Executors$RunnableAdapter.call(Executors.java:471)
	at java.util.concurrent.FutureTask.run(FutureTask.java:262)
	at java.util.concurrent.ThreadPoolExecutor.runWorker(ThreadPoolExecutor.java:1145)
	at java.util.concurrent.ThreadPoolExecutor$Worker.run(ThreadPoolExecutor.java:615)
	at java.lang.Thread.run(Thread.java:744)

01-May-2014 12:27:29.130 INFO [localhost-startStop-1] org.apache.catalina.startup.HostConfig.deployDirectory Déploiement du répertoire /home/thor/WeatherStation/apache-tomcat-8.0.5/webapps/host-manager de l'application web
01-May-2014 12:27:29.206 INFO [localhost-startStop-1] org.apache.catalina.startup.HostConfig.deployDirectory Déploiement du répertoire /home/thor/WeatherStation/apache-tomcat-8.0.5/webapps/examples de l'application web
01-May-2014 12:27:29.945 INFO [main] org.apache.coyote.AbstractProtocol.start Starting ProtocolHandler ["http-nio-8080"]
01-May-2014 12:27:29.952 INFO [main] org.apache.coyote.AbstractProtocol.start Starting ProtocolHandler ["ajp-nio-8009"]
01-May-2014 12:27:29.953 INFO [main] org.apache.catalina.startup.Catalina.start Server startup in 1963 ms
01-May-2014 12:27:48.177 INFO [Thread-6] org.apache.coyote.AbstractProtocol.pause Pausing ProtocolHandler ["http-nio-8080"]
01-May-2014 12:27:48.238 INFO [Thread-6] org.apache.coyote.AbstractProtocol.pause Pausing ProtocolHandler ["ajp-nio-8009"]
01-May-2014 12:27:48.241 INFO [Thread-6] org.apache.catalina.core.StandardService.stopInternal Arrêt du service Catalina
01-May-2014 12:27:48.373 INFO [Thread-6] org.apache.coyote.AbstractProtocol.stop Stopping ProtocolHandler ["http-nio-8080"]
01-May-2014 12:27:48.377 INFO [Thread-6] org.apache.coyote.AbstractProtocol.stop Stopping ProtocolHandler ["ajp-nio-8009"]
01-May-2014 12:27:48.379 INFO [Thread-6] org.apache.coyote.AbstractProtocol.destroy Destroying ProtocolHandler ["http-nio-8080"]
01-May-2014 12:27:48.380 INFO [Thread-6] org.apache.coyote.AbstractProtocol.destroy Destroying ProtocolHandler ["ajp-nio-8009"]
