16-Apr-2014 12:19:52.500 INFO [main] org.apache.catalina.core.AprLifecycleListener.init The APR based Apache Tomcat Native library which allows optimal performance in production environments was not found on the java.library.path: /usr/java/packages/lib/amd64:/usr/lib64:/lib64:/lib:/usr/lib
16-Apr-2014 12:19:53.133 INFO [main] org.apache.coyote.AbstractProtocol.init Initializing ProtocolHandler ["http-nio-8080"]
16-Apr-2014 12:19:53.187 INFO [main] org.apache.tomcat.util.net.NioSelectorPool.getSharedSelector Using a shared selector for servlet write/read
16-Apr-2014 12:19:53.191 INFO [main] org.apache.coyote.AbstractProtocol.init Initializing ProtocolHandler ["ajp-nio-8009"]
16-Apr-2014 12:19:53.194 INFO [main] org.apache.tomcat.util.net.NioSelectorPool.getSharedSelector Using a shared selector for servlet write/read
16-Apr-2014 12:19:53.194 INFO [main] org.apache.catalina.startup.Catalina.load Initialization processed in 1549 ms
16-Apr-2014 12:19:53.243 INFO [main] org.apache.catalina.core.StandardService.startInternal Démarrage du service Catalina
16-Apr-2014 12:19:53.244 INFO [main] org.apache.catalina.core.StandardEngine.startInternal Starting Servlet Engine: Apache Tomcat/8.0.5
16-Apr-2014 12:19:53.264 INFO [localhost-startStop-1] org.apache.catalina.startup.HostConfig.deployDirectory Déploiement du répertoire /home/Lindt/WeatherStation/apache-tomcat-8.0.5/webapps/examples de l'application web
16-Apr-2014 12:19:54.736 INFO [localhost-startStop-1] org.apache.catalina.util.SessionIdGenerator.createSecureRandom Creation of SecureRandom instance for session ID generation using [SHA1PRNG] took [141] milliseconds.
16-Apr-2014 12:19:54.783 INFO [localhost-startStop-1] org.apache.catalina.startup.HostConfig.deployDirectory Déploiement du répertoire /home/Lindt/WeatherStation/apache-tomcat-8.0.5/webapps/docs de l'application web
16-Apr-2014 12:19:54.814 INFO [localhost-startStop-1] org.apache.catalina.startup.HostConfig.deployDirectory Déploiement du répertoire /home/Lindt/WeatherStation/apache-tomcat-8.0.5/webapps/vide de l'application web
16-Apr-2014 12:19:54.906 INFO [localhost-startStop-1] org.apache.catalina.startup.HostConfig.deployDirectory Déploiement du répertoire /home/Lindt/WeatherStation/apache-tomcat-8.0.5/webapps/host-manager de l'application web
16-Apr-2014 12:19:54.941 INFO [localhost-startStop-1] org.apache.catalina.startup.HostConfig.deployDirectory Déploiement du répertoire /home/Lindt/WeatherStation/apache-tomcat-8.0.5/webapps/ROOT de l'application web
16-Apr-2014 12:19:54.972 INFO [localhost-startStop-1] org.apache.catalina.startup.HostConfig.deployDirectory Déploiement du répertoire /home/Lindt/WeatherStation/apache-tomcat-8.0.5/webapps/manager de l'application web
16-Apr-2014 12:19:55.017 INFO [main] org.apache.coyote.AbstractProtocol.start Starting ProtocolHandler ["http-nio-8080"]
16-Apr-2014 12:19:55.022 INFO [main] org.apache.coyote.AbstractProtocol.start Starting ProtocolHandler ["ajp-nio-8009"]
16-Apr-2014 12:19:55.023 INFO [main] org.apache.catalina.startup.Catalina.start Server startup in 1828 ms
16-Apr-2014 15:56:27.474 INFO [Thread-6] org.apache.coyote.AbstractProtocol.pause Pausing ProtocolHandler ["http-nio-8080"]
16-Apr-2014 15:56:27.815 INFO [Thread-6] org.apache.coyote.AbstractProtocol.pause Pausing ProtocolHandler ["ajp-nio-8009"]
16-Apr-2014 15:56:27.866 INFO [Thread-6] org.apache.catalina.core.StandardService.stopInternal Arrêt du service Catalina
16-Apr-2014 15:56:28.129 INFO [Thread-6] org.apache.coyote.AbstractProtocol.stop Stopping ProtocolHandler ["http-nio-8080"]
16-Apr-2014 15:56:28.218 INFO [Thread-6] org.apache.coyote.AbstractProtocol.stop Stopping ProtocolHandler ["ajp-nio-8009"]
16-Apr-2014 15:56:28.240 INFO [Thread-6] org.apache.coyote.AbstractProtocol.destroy Destroying ProtocolHandler ["http-nio-8080"]
16-Apr-2014 15:56:28.240 INFO [Thread-6] org.apache.coyote.AbstractProtocol.destroy Destroying ProtocolHandler ["ajp-nio-8009"]
16-Apr-2014 16:26:57.548 INFO [main] org.apache.catalina.core.AprLifecycleListener.init The APR based Apache Tomcat Native library which allows optimal performance in production environments was not found on the java.library.path: /usr/java/packages/lib/amd64:/usr/lib64:/lib64:/lib:/usr/lib
16-Apr-2014 16:26:58.051 INFO [main] org.apache.coyote.AbstractProtocol.init Initializing ProtocolHandler ["http-nio-8080"]
16-Apr-2014 16:26:58.083 SEVERE [main] org.apache.coyote.AbstractProtocol.init Failed to initialize end point associated with ProtocolHandler ["http-nio-8080"]
 java.net.BindException: Adresse déjà utilisée
	at sun.nio.ch.Net.bind0(Native Method)
	at sun.nio.ch.Net.bind(Net.java:444)
	at sun.nio.ch.Net.bind(Net.java:436)
	at sun.nio.ch.ServerSocketChannelImpl.bind(ServerSocketChannelImpl.java:214)
	at sun.nio.ch.ServerSocketAdaptor.bind(ServerSocketAdaptor.java:74)
	at org.apache.tomcat.util.net.NioEndpoint.bind(NioEndpoint.java:351)
	at org.apache.tomcat.util.net.AbstractEndpoint.init(AbstractEndpoint.java:683)
	at org.apache.coyote.AbstractProtocol.init(AbstractProtocol.java:456)
	at org.apache.coyote.http11.AbstractHttp11JsseProtocol.init(AbstractHttp11JsseProtocol.java:120)
	at org.apache.catalina.connector.Connector.initInternal(Connector.java:960)
	at org.apache.catalina.util.LifecycleBase.init(LifecycleBase.java:102)
	at org.apache.catalina.core.StandardService.initInternal(StandardService.java:567)
	at org.apache.catalina.util.LifecycleBase.init(LifecycleBase.java:102)
	at org.apache.catalina.core.StandardServer.initInternal(StandardServer.java:826)
	at org.apache.catalina.util.LifecycleBase.init(LifecycleBase.java:102)
	at org.apache.catalina.startup.Catalina.load(Catalina.java:605)
	at org.apache.catalina.startup.Catalina.load(Catalina.java:630)
	at sun.reflect.NativeMethodAccessorImpl.invoke0(Native Method)
	at sun.reflect.NativeMethodAccessorImpl.invoke(NativeMethodAccessorImpl.java:57)
	at sun.reflect.DelegatingMethodAccessorImpl.invoke(DelegatingMethodAccessorImpl.java:43)
	at java.lang.reflect.Method.invoke(Method.java:606)
	at org.apache.catalina.startup.Bootstrap.load(Bootstrap.java:310)
	at org.apache.catalina.startup.Bootstrap.main(Bootstrap.java:484)

16-Apr-2014 16:26:58.085 SEVERE [main] org.apache.catalina.core.StandardService.initInternal Failed to initialize connector [Connector[HTTP/1.1-8080]]
 org.apache.catalina.LifecycleException: Failed to initialize component [Connector[HTTP/1.1-8080]]
	at org.apache.catalina.util.LifecycleBase.init(LifecycleBase.java:106)
	at org.apache.catalina.core.StandardService.initInternal(StandardService.java:567)
	at org.apache.catalina.util.LifecycleBase.init(LifecycleBase.java:102)
	at org.apache.catalina.core.StandardServer.initInternal(StandardServer.java:826)
	at org.apache.catalina.util.LifecycleBase.init(LifecycleBase.java:102)
	at org.apache.catalina.startup.Catalina.load(Catalina.java:605)
	at org.apache.catalina.startup.Catalina.load(Catalina.java:630)
	at sun.reflect.NativeMethodAccessorImpl.invoke0(Native Method)
	at sun.reflect.NativeMethodAccessorImpl.invoke(NativeMethodAccessorImpl.java:57)
	at sun.reflect.DelegatingMethodAccessorImpl.invoke(DelegatingMethodAccessorImpl.java:43)
	at java.lang.reflect.Method.invoke(Method.java:606)
	at org.apache.catalina.startup.Bootstrap.load(Bootstrap.java:310)
	at org.apache.catalina.startup.Bootstrap.main(Bootstrap.java:484)
Caused by: org.apache.catalina.LifecycleException: L''initialisation du gestionnaire de protocole a échoué
	at org.apache.catalina.connector.Connector.initInternal(Connector.java:962)
	at org.apache.catalina.util.LifecycleBase.init(LifecycleBase.java:102)
	... 12 more
Caused by: java.net.BindException: Adresse déjà utilisée
	at sun.nio.ch.Net.bind0(Native Method)
	at sun.nio.ch.Net.bind(Net.java:444)
	at sun.nio.ch.Net.bind(Net.java:436)
	at sun.nio.ch.ServerSocketChannelImpl.bind(ServerSocketChannelImpl.java:214)
	at sun.nio.ch.ServerSocketAdaptor.bind(ServerSocketAdaptor.java:74)
	at org.apache.tomcat.util.net.NioEndpoint.bind(NioEndpoint.java:351)
	at org.apache.tomcat.util.net.AbstractEndpoint.init(AbstractEndpoint.java:683)
	at org.apache.coyote.AbstractProtocol.init(AbstractProtocol.java:456)
	at org.apache.coyote.http11.AbstractHttp11JsseProtocol.init(AbstractHttp11JsseProtocol.java:120)
	at org.apache.catalina.connector.Connector.initInternal(Connector.java:960)
	... 13 more

16-Apr-2014 16:26:58.087 INFO [main] org.apache.coyote.AbstractProtocol.init Initializing ProtocolHandler ["ajp-nio-8009"]
16-Apr-2014 16:26:58.096 INFO [main] org.apache.tomcat.util.net.NioSelectorPool.getSharedSelector Using a shared selector for servlet write/read
16-Apr-2014 16:26:58.100 INFO [main] org.apache.catalina.startup.Catalina.load Initialization processed in 1496 ms
16-Apr-2014 16:26:58.161 INFO [main] org.apache.catalina.core.StandardService.startInternal Démarrage du service Catalina
16-Apr-2014 16:26:58.161 INFO [main] org.apache.catalina.core.StandardEngine.startInternal Starting Servlet Engine: Apache Tomcat/8.0.5
16-Apr-2014 16:26:58.192 INFO [localhost-startStop-1] org.apache.catalina.startup.HostConfig.deployDirectory Déploiement du répertoire /home/Lindt/WeatherStation/apache-tomcat-8.0.5/webapps/examples de l'application web
16-Apr-2014 16:27:00.090 INFO [localhost-startStop-1] org.apache.catalina.startup.HostConfig.deployDirectory Déploiement du répertoire /home/Lindt/WeatherStation/apache-tomcat-8.0.5/webapps/docs de l'application web
16-Apr-2014 16:27:00.170 INFO [localhost-startStop-1] org.apache.catalina.startup.HostConfig.deployDirectory Déploiement du répertoire /home/Lindt/WeatherStation/apache-tomcat-8.0.5/webapps/vide de l'application web
16-Apr-2014 16:27:00.293 INFO [localhost-startStop-1] org.apache.catalina.startup.HostConfig.deployDirectory Déploiement du répertoire /home/Lindt/WeatherStation/apache-tomcat-8.0.5/webapps/host-manager de l'application web
16-Apr-2014 16:27:00.350 INFO [localhost-startStop-1] org.apache.catalina.startup.HostConfig.deployDirectory Déploiement du répertoire /home/Lindt/WeatherStation/apache-tomcat-8.0.5/webapps/ROOT de l'application web
16-Apr-2014 16:27:00.400 INFO [localhost-startStop-1] org.apache.catalina.startup.HostConfig.deployDirectory Déploiement du répertoire /home/Lindt/WeatherStation/apache-tomcat-8.0.5/webapps/manager de l'application web
16-Apr-2014 16:27:00.470 INFO [main] org.apache.coyote.AbstractProtocol.start Starting ProtocolHandler ["ajp-nio-8009"]
16-Apr-2014 16:27:00.479 INFO [main] org.apache.catalina.startup.Catalina.start Server startup in 2378 ms
16-Apr-2014 16:27:23.743 INFO [Thread-5] org.apache.coyote.AbstractProtocol.pause Pausing ProtocolHandler ["http-nio-8080"]
16-Apr-2014 16:27:23.743 INFO [Thread-5] org.apache.coyote.AbstractProtocol.pause Pausing ProtocolHandler ["ajp-nio-8009"]
16-Apr-2014 16:27:23.826 INFO [Thread-5] org.apache.catalina.core.StandardService.stopInternal Arrêt du service Catalina
16-Apr-2014 16:27:23.885 INFO [Thread-5] org.apache.coyote.AbstractProtocol.stop Stopping ProtocolHandler ["ajp-nio-8009"]
16-Apr-2014 16:27:23.886 INFO [Thread-5] org.apache.coyote.AbstractProtocol.stop Stopping ProtocolHandler ["http-nio-8080"]
16-Apr-2014 16:27:23.886 INFO [Thread-5] org.apache.coyote.AbstractProtocol.destroy Destroying ProtocolHandler ["http-nio-8080"]
16-Apr-2014 16:27:23.887 INFO [Thread-5] org.apache.coyote.AbstractProtocol.destroy Destroying ProtocolHandler ["ajp-nio-8009"]
16-Apr-2014 16:31:23.207 INFO [main] org.apache.catalina.core.AprLifecycleListener.init The APR based Apache Tomcat Native library which allows optimal performance in production environments was not found on the java.library.path: /usr/java/packages/lib/amd64:/usr/lib64:/lib64:/lib:/usr/lib
16-Apr-2014 16:31:23.593 INFO [main] org.apache.coyote.AbstractProtocol.init Initializing ProtocolHandler ["http-nio-8080"]
16-Apr-2014 16:31:23.629 INFO [main] org.apache.tomcat.util.net.NioSelectorPool.getSharedSelector Using a shared selector for servlet write/read
16-Apr-2014 16:31:23.633 INFO [main] org.apache.coyote.AbstractProtocol.init Initializing ProtocolHandler ["ajp-nio-8009"]
16-Apr-2014 16:31:23.636 INFO [main] org.apache.tomcat.util.net.NioSelectorPool.getSharedSelector Using a shared selector for servlet write/read
16-Apr-2014 16:31:23.637 INFO [main] org.apache.catalina.startup.Catalina.load Initialization processed in 1016 ms
16-Apr-2014 16:31:23.680 INFO [main] org.apache.catalina.core.StandardService.startInternal Démarrage du service Catalina
16-Apr-2014 16:31:23.680 INFO [main] org.apache.catalina.core.StandardEngine.startInternal Starting Servlet Engine: Apache Tomcat/8.0.5
16-Apr-2014 16:31:23.692 INFO [localhost-startStop-1] org.apache.catalina.startup.HostConfig.deployDirectory Déploiement du répertoire /home/Lindt/WeatherStation/apache-tomcat-8.0.5/webapps/examples de l'application web
16-Apr-2014 16:31:25.263 INFO [localhost-startStop-1] org.apache.catalina.startup.HostConfig.deployDirectory Déploiement du répertoire /home/Lindt/WeatherStation/apache-tomcat-8.0.5/webapps/docs de l'application web
16-Apr-2014 16:31:25.301 INFO [localhost-startStop-1] org.apache.catalina.startup.HostConfig.deployDirectory Déploiement du répertoire /home/Lindt/WeatherStation/apache-tomcat-8.0.5/webapps/vide de l'application web
16-Apr-2014 16:31:25.398 INFO [localhost-startStop-1] org.apache.catalina.startup.HostConfig.deployDirectory Déploiement du répertoire /home/Lindt/WeatherStation/apache-tomcat-8.0.5/webapps/host-manager de l'application web
16-Apr-2014 16:31:25.441 INFO [localhost-startStop-1] org.apache.catalina.startup.HostConfig.deployDirectory Déploiement du répertoire /home/Lindt/WeatherStation/apache-tomcat-8.0.5/webapps/ROOT de l'application web
16-Apr-2014 16:31:25.479 INFO [localhost-startStop-1] org.apache.catalina.startup.HostConfig.deployDirectory Déploiement du répertoire /home/Lindt/WeatherStation/apache-tomcat-8.0.5/webapps/manager de l'application web
16-Apr-2014 16:31:25.528 INFO [main] org.apache.coyote.AbstractProtocol.start Starting ProtocolHandler ["http-nio-8080"]
16-Apr-2014 16:31:25.532 INFO [main] org.apache.coyote.AbstractProtocol.start Starting ProtocolHandler ["ajp-nio-8009"]
16-Apr-2014 16:31:25.533 INFO [main] org.apache.catalina.startup.Catalina.start Server startup in 1896 ms
16-Apr-2014 16:36:55.714 INFO [ContainerBackgroundProcessor[StandardEngine[Catalina]]] org.apache.catalina.core.StandardContext.reload Le rechargement du contexte [/vide] a démarré
16-Apr-2014 16:36:56.207 INFO [ContainerBackgroundProcessor[StandardEngine[Catalina]]] org.apache.catalina.core.StandardContext.reload Le rechargement de ce contexte est terminé
16-Apr-2014 16:41:56.309 INFO [ContainerBackgroundProcessor[StandardEngine[Catalina]]] org.apache.catalina.core.StandardContext.reload Le rechargement du contexte [/vide] a démarré
16-Apr-2014 16:41:56.774 INFO [ContainerBackgroundProcessor[StandardEngine[Catalina]]] org.apache.catalina.core.StandardContext.reload Le rechargement de ce contexte est terminé
16-Apr-2014 17:17:16.121 INFO [Thread-6] org.apache.coyote.AbstractProtocol.pause Pausing ProtocolHandler ["http-nio-8080"]
16-Apr-2014 17:17:16.174 INFO [Thread-6] org.apache.coyote.AbstractProtocol.pause Pausing ProtocolHandler ["ajp-nio-8009"]
16-Apr-2014 17:17:16.225 INFO [Thread-6] org.apache.catalina.core.StandardService.stopInternal Arrêt du service Catalina
16-Apr-2014 17:17:16.265 INFO [Thread-6] org.apache.coyote.AbstractProtocol.stop Stopping ProtocolHandler ["http-nio-8080"]
16-Apr-2014 17:17:16.267 INFO [Thread-6] org.apache.coyote.AbstractProtocol.stop Stopping ProtocolHandler ["ajp-nio-8009"]
16-Apr-2014 17:17:16.279 INFO [Thread-6] org.apache.coyote.AbstractProtocol.destroy Destroying ProtocolHandler ["http-nio-8080"]
16-Apr-2014 17:17:16.279 INFO [Thread-6] org.apache.coyote.AbstractProtocol.destroy Destroying ProtocolHandler ["ajp-nio-8009"]
